Arguments: 
  C:\Program Files\nodejs\node.exe C:\Users\DiegoFernandes\AppData\Roaming\npm\node_modules\yarn\bin\yarn.js add jasmine

PATH: 
  C:\Users\DiegoFernandes\bin;C:\Program Files\Git\mingw64\bin;C:\Program Files\Git\usr\local\bin;C:\Program Files\Git\usr\bin;C:\Program Files\Git\usr\bin;C:\Program Files\Git\mingw64\bin;C:\Program Files\Git\usr\bin;C:\Users\DiegoFernandes\bin;C:\Program Files (x86)\Common Files\Oracle\Java\javapath;C:\WINDOWS\system32;C:\WINDOWS;C:\WINDOWS\System32\Wbem;C:\WINDOWS\System32\WindowsPowerShell\v1.0;C:\WINDOWS\System32\OpenSSH;C:\Program Files\dotnet;C:\Program Files\Git\cmd;C:\Program Files\Docker\Docker\resources\bin;C:\Program Files\nodejs;C:\Users\DiegoFernandes\AppData\Local\Microsoft\WindowsApps;C:\Users\DiegoFernandes\.dotnet\tools;C:\Users\DiegoFernandes\AppData\Roaming\npm;C:\Users\DiegoFernandes\AppData\Local\GitHubDesktop\bin;C:\Users\DiegoFernandes\AppData\Local\Programs\Microsoft VS Code\bin;C:\Program Files\Git\usr\bin\vendor_perl;C:\Program Files\Git\usr\bin\core_perl

Yarn version: 
  1.22.19

Node version: 
  18.16.0

Platform: 
  win32 x64

Trace: 
  SyntaxError: C:\Users\DiegoFernandes\Documents\Faculdade\ES2_2023_1\salario-pre-prova\package.json: Unexpected string in JSON at position 241
      at JSON.parse (<anonymous>)
      at C:\Users\DiegoFernandes\AppData\Roaming\npm\node_modules\yarn\lib\cli.js:1629:59
      at Generator.next (<anonymous>)
      at step (C:\Users\DiegoFernandes\AppData\Roaming\npm\node_modules\yarn\lib\cli.js:310:30)
      at C:\Users\DiegoFernandes\AppData\Roaming\npm\node_modules\yarn\lib\cli.js:321:13

npm manifest: 
  {
    "name": "salario-pre-prova",
    "version": "1.0.0",
    "main": "index.js",
    "repository": "https://github.com/DIEG0FERNANDES/salario-pre-prova.git",
    "author": "Diego_dos_Santos_Fernandes <cookieezito@hotmail.com>",
    "license": "MIT"
    "scripts": {
      "start": "npx http-server",
      "test": "jasmine --config=jasmine.json"
    },
  }

yarn manifest: 
  No manifest

Lockfile: 
  No lockfile
